<?xml version="1.0" encoding="UTF-8"?>
<!-- Generated by org.testng.reporters.JUnitXMLReporter -->
<testsuite ignored="0" hostname="Z422" failures="0" tests="4" name="Default test" time="92.898" errors="0" timestamp="31 Jan 2024 03:33:00 GMT">
  <testcase classname="com.test.TestNg" name="yourTestMethod" time="9.827"/>
  <testcase classname="com.test.TestNg" name="yourTestMethod" time="7.915"/>
  <testcase classname="com.test.TestNg" name="yourTestMethod" time="7.627"/>
  <testcase classname="com.test.TestNg" name="yourTestMethod" time="11.008"/>
</testsuite> <!-- Default test -->
