<?xml version="1.0" encoding="UTF-8"?>
<testng-results ignored="0" total="4" passed="4" failed="0" skipped="0">
  <reporter-output>
  </reporter-output>
  <suite started-at="2024-01-31T03:31:27Z" name="Default suite" finished-at="2024-01-31T03:33:00Z" duration-ms="92898">
    <groups>
    </groups>
    <test started-at="2024-01-31T03:31:27Z" name="Default test" finished-at="2024-01-31T03:33:00Z" duration-ms="92898">
      <class name="com.test.TestNg">
        <test-method is-config="true" signature="setUp()[pri:0, instance:com.test.TestNg@433defed]" started-at="2024-01-31T03:31:29Z" name="setUp" finished-at="2024-01-31T03:31:46Z" duration-ms="17155" status="PASS">
          <reporter-output>
          </reporter-output>
        </test-method> <!-- setUp -->
        <test-method signature="yourTestMethod(java.lang.String, java.lang.String, java.lang.String, java.lang.String, java.lang.String, java.lang.String, java.lang.String, java.lang.String, java.lang.String)[pri:0, instance:com.test.TestNg@433defed]" started-at="2024-01-31T03:31:46Z" name="yourTestMethod" data-provider="excelData" finished-at="2024-01-31T03:31:56Z" duration-ms="9827" status="PASS">
          <params>
            <param index="0">
              <value>
                <![CDATA[manju]]>
              </value>
            </param>
            <param index="1">
              <value>
                <![CDATA[D]]>
              </value>
            </param>
            <param index="2">
              <value>
                <![CDATA[m]]>
              </value>
            </param>
            <param index="3">
              <value>
                <![CDATA[1001.0]]>
              </value>
            </param>
            <param index="4">
              <value>
                <![CDATA[C:\\Users\\User\\Pictures\\Saved Pictures\\1.jpg]]>
              </value>
            </param>
            <param index="5">
              <value>
                <![CDATA[D22]]>
              </value>
            </param>
            <param index="6">
              <value>
                <![CDATA[Ka23]]>
              </value>
            </param>
            <param index="7">
              <value>
                <![CDATA[Single]]>
              </value>
            </param>
            <param index="8">
              <value>
                <![CDATA[Indian]]>
              </value>
            </param>
          </params>
          <reporter-output>
          </reporter-output>
        </test-method> <!-- yourTestMethod -->
        <test-method is-config="true" signature="tearDown()[pri:0, instance:com.test.TestNg@433defed]" started-at="2024-01-31T03:31:56Z" name="tearDown" finished-at="2024-01-31T03:31:56Z" duration-ms="718" status="PASS">
          <reporter-output>
          </reporter-output>
        </test-method> <!-- tearDown -->
        <test-method is-config="true" signature="setUp()[pri:0, instance:com.test.TestNg@433defed]" started-at="2024-01-31T03:31:56Z" name="setUp" finished-at="2024-01-31T03:32:08Z" duration-ms="11517" status="PASS">
          <reporter-output>
          </reporter-output>
        </test-method> <!-- setUp -->
        <test-method signature="yourTestMethod(java.lang.String, java.lang.String, java.lang.String, java.lang.String, java.lang.String, java.lang.String, java.lang.String, java.lang.String, java.lang.String)[pri:0, instance:com.test.TestNg@433defed]" started-at="2024-01-31T03:32:08Z" name="yourTestMethod" data-provider="excelData" finished-at="2024-01-31T03:32:16Z" duration-ms="7915" status="PASS">
          <params>
            <param index="0">
              <value>
                <![CDATA[raj]]>
              </value>
            </param>
            <param index="1">
              <value>
                <![CDATA[S]]>
              </value>
            </param>
            <param index="2">
              <value>
                <![CDATA[R]]>
              </value>
            </param>
            <param index="3">
              <value>
                <![CDATA[1002.0]]>
              </value>
            </param>
            <param index="4">
              <value>
                <![CDATA[C:\\Users\\User\\Pictures\\Saved Pictures\\1.jpg]]>
              </value>
            </param>
            <param index="5">
              <value>
                <![CDATA[D21]]>
              </value>
            </param>
            <param index="6">
              <value>
                <![CDATA[Ka24]]>
              </value>
            </param>
            <param index="7">
              <value>
                <![CDATA[Single]]>
              </value>
            </param>
            <param index="8">
              <value>
                <![CDATA[Indian]]>
              </value>
            </param>
          </params>
          <reporter-output>
          </reporter-output>
        </test-method> <!-- yourTestMethod -->
        <test-method is-config="true" signature="tearDown()[pri:0, instance:com.test.TestNg@433defed]" started-at="2024-01-31T03:32:16Z" name="tearDown" finished-at="2024-01-31T03:32:16Z" duration-ms="536" status="PASS">
          <reporter-output>
          </reporter-output>
        </test-method> <!-- tearDown -->
        <test-method is-config="true" signature="setUp()[pri:0, instance:com.test.TestNg@433defed]" started-at="2024-01-31T03:32:16Z" name="setUp" finished-at="2024-01-31T03:32:29Z" duration-ms="12167" status="PASS">
          <reporter-output>
          </reporter-output>
        </test-method> <!-- setUp -->
        <test-method signature="yourTestMethod(java.lang.String, java.lang.String, java.lang.String, java.lang.String, java.lang.String, java.lang.String, java.lang.String, java.lang.String, java.lang.String)[pri:0, instance:com.test.TestNg@433defed]" started-at="2024-01-31T03:32:29Z" name="yourTestMethod" data-provider="excelData" finished-at="2024-01-31T03:32:36Z" duration-ms="7627" status="PASS">
          <params>
            <param index="0">
              <value>
                <![CDATA[jagga]]>
              </value>
            </param>
            <param index="1">
              <value>
                <![CDATA[N]]>
              </value>
            </param>
            <param index="2">
              <value>
                <![CDATA[M]]>
              </value>
            </param>
            <param index="3">
              <value>
                <![CDATA[1003.0]]>
              </value>
            </param>
            <param index="4">
              <value>
                <![CDATA[C:\\Users\\User\\Pictures\\Saved Pictures\\1.jpg]]>
              </value>
            </param>
            <param index="5">
              <value>
                <![CDATA[D56]]>
              </value>
            </param>
            <param index="6">
              <value>
                <![CDATA[Ka22]]>
              </value>
            </param>
            <param index="7">
              <value>
                <![CDATA[Married]]>
              </value>
            </param>
            <param index="8">
              <value>
                <![CDATA[Indian]]>
              </value>
            </param>
          </params>
          <reporter-output>
          </reporter-output>
        </test-method> <!-- yourTestMethod -->
        <test-method is-config="true" signature="tearDown()[pri:0, instance:com.test.TestNg@433defed]" started-at="2024-01-31T03:32:36Z" name="tearDown" finished-at="2024-01-31T03:32:37Z" duration-ms="515" status="PASS">
          <reporter-output>
          </reporter-output>
        </test-method> <!-- tearDown -->
        <test-method is-config="true" signature="setUp()[pri:0, instance:com.test.TestNg@433defed]" started-at="2024-01-31T03:32:37Z" name="setUp" finished-at="2024-01-31T03:32:48Z" duration-ms="11527" status="PASS">
          <reporter-output>
          </reporter-output>
        </test-method> <!-- setUp -->
        <test-method signature="yourTestMethod(java.lang.String, java.lang.String, java.lang.String, java.lang.String, java.lang.String, java.lang.String, java.lang.String, java.lang.String, java.lang.String)[pri:0, instance:com.test.TestNg@433defed]" started-at="2024-01-31T03:32:48Z" name="yourTestMethod" data-provider="excelData" finished-at="2024-01-31T03:32:59Z" duration-ms="11008" status="PASS">
          <params>
            <param index="0">
              <value>
                <![CDATA[yogi]]>
              </value>
            </param>
            <param index="1">
              <value>
                <![CDATA[Y]]>
              </value>
            </param>
            <param index="2">
              <value>
                <![CDATA[V]]>
              </value>
            </param>
            <param index="3">
              <value>
                <![CDATA[1004.0]]>
              </value>
            </param>
            <param index="4">
              <value>
                <![CDATA[C:\\Users\\User\\Pictures\\Saved Pictures\\1.jpg]]>
              </value>
            </param>
            <param index="5">
              <value>
                <![CDATA[D32]]>
              </value>
            </param>
            <param index="6">
              <value>
                <![CDATA[Ka29]]>
              </value>
            </param>
            <param index="7">
              <value>
                <![CDATA[Single]]>
              </value>
            </param>
            <param index="8">
              <value>
                <![CDATA[Indian]]>
              </value>
            </param>
          </params>
          <reporter-output>
          </reporter-output>
        </test-method> <!-- yourTestMethod -->
        <test-method is-config="true" signature="tearDown()[pri:0, instance:com.test.TestNg@433defed]" started-at="2024-01-31T03:32:59Z" name="tearDown" finished-at="2024-01-31T03:33:00Z" duration-ms="546" status="PASS">
          <reporter-output>
          </reporter-output>
        </test-method> <!-- tearDown -->
      </class> <!-- com.test.TestNg -->
    </test> <!-- Default test -->
  </suite> <!-- Default suite -->
</testng-results>
